<?xml version="1.0" encoding="UTF-8"?>
<!-- Generated by org.testng.reporters.JUnitXMLReporter -->
<testsuite hostname="TDB-0004XL" ignored="0" name="Default test" tests="6" failures="0" timestamp="15 Mar 2022 12:50:32 GMT" time="10.293" errors="0">
  <testcase name="datatransfer" time="0.012" classname="Project_Work.ProjectWork_User"/>
  <testcase name="CreateUser" time="4.553" classname="Project_Work.ProjectWork_User"/>
  <testcase name="ModifyUser" time="1.7" classname="Project_Work.ProjectWork_User"/>
  <testcase name="UserLogin" time="1.365" classname="Project_Work.ProjectWork_User"/>
  <testcase name="UserLogout" time="1.32" classname="Project_Work.ProjectWork_User"/>
  <testcase name="DeleteUser" time="1.27" classname="Project_Work.ProjectWork_User"/>
</testsuite> <!-- Default test -->
